2026-01-21 09:55:12,442 - INFO - ============================================================
2026-01-21 09:55:12,443 - INFO - H-GAC OSSF DATA EXTRACTOR
2026-01-21 09:55:12,443 - INFO - Target: https://datalab.h-gac.com/ossf/
2026-01-21 09:55:12,443 - INFO - Output: C:\Users\Will\crm-work\ReactCRM\scrapers\output\harris_county
2026-01-21 09:55:12,443 - INFO - ============================================================
2026-01-21 09:55:12,443 - INFO - ============================================================
2026-01-21 09:55:12,444 - INFO - DISCOVERING ARCGIS ENDPOINTS
2026-01-21 09:55:12,444 - INFO - Target: https://datalab.h-gac.com/ossf/
2026-01-21 09:55:12,444 - INFO - ============================================================
2026-01-21 09:55:14,230 - INFO - Loading H-GAC OSSF page...
2026-01-21 09:55:24,164 - INFO -   [REQUEST] Discovered ArcGIS URL: https://services.arcgisonline.com/ArcGIS/rest/services/World_Topo_Map/MapServer?f=json...
2026-01-21 09:55:25,020 - INFO -   [REQUEST] Discovered ArcGIS URL: https://services.arcgisonline.com/ArcGIS/rest/services/World_Topo_Map/MapServer/tilemap/9/208/112/8/...
2026-01-21 09:55:25,137 - INFO -   [REQUEST] Discovered ArcGIS URL: https://services.arcgisonline.com/ArcGIS/rest/services/World_Topo_Map/MapServer/tilemap/9/208/120/8/...
2026-01-21 09:55:25,142 - INFO -   [REQUEST] Discovered ArcGIS URL: https://server.arcgisonline.com/ArcGIS/rest/services/World_Topo_Map/MapServer/tile/9/209/120...
2026-01-21 09:55:25,145 - INFO -   [REQUEST] Discovered ArcGIS URL: https://services.arcgisonline.com/ArcGIS/rest/services/World_Topo_Map/MapServer/tile/9/210/120...
2026-01-21 09:55:25,148 - INFO -   [REQUEST] Discovered ArcGIS URL: https://server.arcgisonline.com/ArcGIS/rest/services/World_Topo_Map/MapServer/tile/9/211/120...
2026-01-21 09:55:25,151 - INFO -   [REQUEST] Discovered ArcGIS URL: https://services.arcgisonline.com/ArcGIS/rest/services/World_Topo_Map/MapServer/tile/9/212/120...
2026-01-21 09:55:25,154 - INFO -   [REQUEST] Discovered ArcGIS URL: https://server.arcgisonline.com/ArcGIS/rest/services/World_Topo_Map/MapServer/tile/9/213/120...
2026-01-21 09:55:25,156 - INFO -   [REQUEST] Discovered ArcGIS URL: https://server.arcgisonline.com/ArcGIS/rest/services/World_Topo_Map/MapServer/tile/9/209/121...
2026-01-21 09:55:25,156 - INFO -   [REQUEST] Discovered ArcGIS URL: https://services.arcgisonline.com/ArcGIS/rest/services/World_Topo_Map/MapServer/tile/9/210/121...
2026-01-21 09:55:25,157 - INFO -   [REQUEST] Discovered ArcGIS URL: https://server.arcgisonline.com/ArcGIS/rest/services/World_Topo_Map/MapServer/tile/9/211/121...
2026-01-21 09:55:25,157 - INFO -   [REQUEST] Discovered ArcGIS URL: https://services.arcgisonline.com/ArcGIS/rest/services/World_Topo_Map/MapServer/tile/9/212/121...
2026-01-21 09:55:25,157 - INFO -   [REQUEST] Discovered ArcGIS URL: https://server.arcgisonline.com/ArcGIS/rest/services/World_Topo_Map/MapServer/tile/9/213/121...
2026-01-21 09:55:25,158 - INFO -   [REQUEST] Discovered ArcGIS URL: https://server.arcgisonline.com/ArcGIS/rest/services/World_Topo_Map/MapServer/tile/9/209/122...
2026-01-21 09:55:25,158 - INFO -   [REQUEST] Discovered ArcGIS URL: https://services.arcgisonline.com/ArcGIS/rest/services/World_Topo_Map/MapServer/tile/9/210/122...
2026-01-21 09:55:25,159 - INFO -   [REQUEST] Discovered ArcGIS URL: https://server.arcgisonline.com/ArcGIS/rest/services/World_Topo_Map/MapServer/tile/9/211/122...
2026-01-21 09:55:25,159 - INFO -   [REQUEST] Discovered ArcGIS URL: https://services.arcgisonline.com/ArcGIS/rest/services/World_Topo_Map/MapServer/tile/9/212/122...
2026-01-21 09:55:25,159 - INFO -   [REQUEST] Discovered ArcGIS URL: https://server.arcgisonline.com/ArcGIS/rest/services/World_Topo_Map/MapServer/tile/9/213/122...
2026-01-21 09:55:25,160 - INFO -   [REQUEST] Discovered ArcGIS URL: https://server.arcgisonline.com/ArcGIS/rest/services/World_Topo_Map/MapServer/tile/9/209/123...
2026-01-21 09:55:25,160 - INFO -   [REQUEST] Discovered ArcGIS URL: https://services.arcgisonline.com/ArcGIS/rest/services/World_Topo_Map/MapServer/tile/9/210/123...
2026-01-21 09:55:25,161 - INFO -   [REQUEST] Discovered ArcGIS URL: https://server.arcgisonline.com/ArcGIS/rest/services/World_Topo_Map/MapServer/tile/9/211/123...
2026-01-21 09:55:25,161 - INFO -   [REQUEST] Discovered ArcGIS URL: https://services.arcgisonline.com/ArcGIS/rest/services/World_Topo_Map/MapServer/tile/9/212/123...
2026-01-21 09:55:25,162 - INFO -   [REQUEST] Discovered ArcGIS URL: https://server.arcgisonline.com/ArcGIS/rest/services/World_Topo_Map/MapServer/tile/9/213/123...
2026-01-21 09:55:25,162 - INFO -   [REQUEST] Discovered ArcGIS URL: https://server.arcgisonline.com/ArcGIS/rest/services/World_Topo_Map/MapServer/tile/9/209/124...
2026-01-21 09:55:25,163 - INFO -   [REQUEST] Discovered ArcGIS URL: https://services.arcgisonline.com/ArcGIS/rest/services/World_Topo_Map/MapServer/tile/9/210/124...
2026-01-21 09:55:25,163 - INFO -   [REQUEST] Discovered ArcGIS URL: https://server.arcgisonline.com/ArcGIS/rest/services/World_Topo_Map/MapServer/tile/9/211/124...
2026-01-21 09:55:25,163 - INFO -   [REQUEST] Discovered ArcGIS URL: https://services.arcgisonline.com/ArcGIS/rest/services/World_Topo_Map/MapServer/tile/9/212/124...
2026-01-21 09:55:25,164 - INFO -   [REQUEST] Discovered ArcGIS URL: https://server.arcgisonline.com/ArcGIS/rest/services/World_Topo_Map/MapServer/tile/9/213/124...
2026-01-21 09:55:25,289 - INFO -   [REQUEST] Discovered ArcGIS URL: https://server.arcgisonline.com/ArcGIS/rest/services/World_Topo_Map/MapServer/tile/9/209/116...
2026-01-21 09:55:25,290 - INFO -   [REQUEST] Discovered ArcGIS URL: https://services.arcgisonline.com/ArcGIS/rest/services/World_Topo_Map/MapServer/tile/9/210/116...
2026-01-21 09:55:25,290 - INFO -   [REQUEST] Discovered ArcGIS URL: https://server.arcgisonline.com/ArcGIS/rest/services/World_Topo_Map/MapServer/tile/9/211/116...
2026-01-21 09:55:25,291 - INFO -   [REQUEST] Discovered ArcGIS URL: https://services.arcgisonline.com/ArcGIS/rest/services/World_Topo_Map/MapServer/tile/9/212/116...
2026-01-21 09:55:25,292 - INFO -   [REQUEST] Discovered ArcGIS URL: https://server.arcgisonline.com/ArcGIS/rest/services/World_Topo_Map/MapServer/tile/9/213/116...
2026-01-21 09:55:25,292 - INFO -   [REQUEST] Discovered ArcGIS URL: https://server.arcgisonline.com/ArcGIS/rest/services/World_Topo_Map/MapServer/tile/9/209/117...
2026-01-21 09:55:25,293 - INFO -   [REQUEST] Discovered ArcGIS URL: https://services.arcgisonline.com/ArcGIS/rest/services/World_Topo_Map/MapServer/tile/9/210/117...
2026-01-21 09:55:25,293 - INFO -   [REQUEST] Discovered ArcGIS URL: https://server.arcgisonline.com/ArcGIS/rest/services/World_Topo_Map/MapServer/tile/9/211/117...
2026-01-21 09:55:25,293 - INFO -   [REQUEST] Discovered ArcGIS URL: https://services.arcgisonline.com/ArcGIS/rest/services/World_Topo_Map/MapServer/tile/9/212/117...
2026-01-21 09:55:25,294 - INFO -   [REQUEST] Discovered ArcGIS URL: https://server.arcgisonline.com/ArcGIS/rest/services/World_Topo_Map/MapServer/tile/9/213/117...
2026-01-21 09:55:25,294 - INFO -   [REQUEST] Discovered ArcGIS URL: https://server.arcgisonline.com/ArcGIS/rest/services/World_Topo_Map/MapServer/tile/9/209/118...
2026-01-21 09:55:25,295 - INFO -   [REQUEST] Discovered ArcGIS URL: https://services.arcgisonline.com/ArcGIS/rest/services/World_Topo_Map/MapServer/tile/9/210/118...
2026-01-21 09:55:25,295 - INFO -   [REQUEST] Discovered ArcGIS URL: https://server.arcgisonline.com/ArcGIS/rest/services/World_Topo_Map/MapServer/tile/9/211/118...
2026-01-21 09:55:25,296 - INFO -   [REQUEST] Discovered ArcGIS URL: https://services.arcgisonline.com/ArcGIS/rest/services/World_Topo_Map/MapServer/tile/9/212/118...
2026-01-21 09:55:25,296 - INFO -   [REQUEST] Discovered ArcGIS URL: https://server.arcgisonline.com/ArcGIS/rest/services/World_Topo_Map/MapServer/tile/9/213/118...
2026-01-21 09:55:25,296 - INFO -   [REQUEST] Discovered ArcGIS URL: https://server.arcgisonline.com/ArcGIS/rest/services/World_Topo_Map/MapServer/tile/9/209/119...
2026-01-21 09:55:25,297 - INFO -   [REQUEST] Discovered ArcGIS URL: https://services.arcgisonline.com/ArcGIS/rest/services/World_Topo_Map/MapServer/tile/9/210/119...
2026-01-21 09:55:25,297 - INFO -   [REQUEST] Discovered ArcGIS URL: https://server.arcgisonline.com/ArcGIS/rest/services/World_Topo_Map/MapServer/tile/9/211/119...
2026-01-21 09:55:25,298 - INFO -   [REQUEST] Discovered ArcGIS URL: https://services.arcgisonline.com/ArcGIS/rest/services/World_Topo_Map/MapServer/tile/9/212/119...
2026-01-21 09:55:25,298 - INFO -   [REQUEST] Discovered ArcGIS URL: https://server.arcgisonline.com/ArcGIS/rest/services/World_Topo_Map/MapServer/tile/9/213/119...
2026-01-21 09:55:25,846 - INFO -   [REQUEST] Discovered ArcGIS URL: https://gis.h-gac.com/arcgis/rest/services/OSSF/Permitted_OSSFs/MapServer?f=json...
2026-01-21 09:55:25,847 - INFO -   [REQUEST] Discovered ArcGIS URL: https://gis.h-gac.com/arcgis/rest/services/Hydrology/Water_Features/MapServer?f=json...
2026-01-21 09:55:25,848 - INFO -   [REQUEST] Discovered ArcGIS URL: https://gis.h-gac.com/arcgis/rest/services/Census_ACS/Census_ACS_5Yr_Counties/MapServer?f=json...
2026-01-21 09:55:25,848 - INFO -   [REQUEST] Discovered ArcGIS URL: https://gis.h-gac.com/arcgis/rest/services/Census_ACS/Census_ACS_5Yr_Places/MapServer?f=json...
2026-01-21 09:55:25,848 - INFO -   [REQUEST] Discovered ArcGIS URL: https://gis.h-gac.com/arcgis/rest/services/OSSF/OSSF_Residential_Analysis/MapServer?f=json...
2026-01-21 09:55:25,849 - INFO -   [REQUEST] Discovered ArcGIS URL: https://gis.h-gac.com/arcgis/rest/services/OSSF/Permitted_OSSFs_Per_SqMi/MapServer?f=json...
2026-01-21 09:55:25,849 - INFO -   [REQUEST] Discovered ArcGIS URL: https://gis.h-gac.com/arcgis/rest/services/OSSF/Permitted_OSSFs_by_Permit_Age/MapServer?f=json...
2026-01-21 09:55:25,851 - INFO -   [REQUEST] Discovered ArcGIS URL: https://gis.h-gac.com/arcgis/rest/services/OSSF/Permitted_OSSFs_by_Agent/MapServer?f=json...
2026-01-21 09:55:26,386 - INFO -   [REQUEST] Discovered ArcGIS URL: https://gis.h-gac.com/arcgis/rest/services/OSSF/Permitted_OSSFs_by_Agent/MapServer/layers?f=json...
2026-01-21 09:55:26,388 - INFO -   [REQUEST] Discovered ArcGIS URL: https://gis.h-gac.com/arcgis/rest/services/OSSF/Permitted_OSSFs_by_Permit_Age/MapServer/layers?f=jso...
2026-01-21 09:55:26,389 - INFO -   [REQUEST] Discovered ArcGIS URL: https://gis.h-gac.com/arcgis/rest/services/OSSF/Permitted_OSSFs_Per_SqMi/MapServer/layers?f=json...
2026-01-21 09:55:26,391 - INFO -   [REQUEST] Discovered ArcGIS URL: https://gis.h-gac.com/arcgis/rest/services/OSSF/OSSF_Residential_Analysis/MapServer/layers?f=json...
2026-01-21 09:55:26,392 - INFO -   [REQUEST] Discovered ArcGIS URL: https://gis.h-gac.com/arcgis/rest/services/Census_ACS/Census_ACS_5Yr_Places/MapServer/layers?f=json...
2026-01-21 09:55:26,393 - INFO -   [REQUEST] Discovered ArcGIS URL: https://gis.h-gac.com/arcgis/rest/services/Census_ACS/Census_ACS_5Yr_Counties/MapServer/layers?f=jso...
2026-01-21 09:55:26,393 - INFO -   [REQUEST] Discovered ArcGIS URL: https://gis.h-gac.com/arcgis/rest/services/Hydrology/Water_Features/MapServer/layers?f=json...
2026-01-21 09:55:26,394 - INFO -   [REQUEST] Discovered ArcGIS URL: https://gis.h-gac.com/arcgis/rest/services/OSSF/Permitted_OSSFs/MapServer/layers?f=json...
2026-01-21 09:55:26,483 - INFO -   [REQUEST] Discovered ArcGIS URL: https://gis.h-gac.com/arcgis/rest/services/Hydrology/Water_Features/MapServer/export?dpi=96&transpar...
2026-01-21 09:55:26,484 - INFO -   [REQUEST] Discovered ArcGIS URL: https://gis.h-gac.com/arcgis/rest/services/Census_ACS/Census_ACS_5Yr_Counties/MapServer/export?dynam...
2026-01-21 09:55:26,484 - INFO -   [REQUEST] Discovered ArcGIS URL: https://gis.h-gac.com/arcgis/rest/services/OSSF/Permitted_OSSFs_Per_SqMi/MapServer/export?dpi=96&tra...
2026-01-21 09:55:26,537 - INFO -   [REQUEST] Discovered ArcGIS URL: https://gis.h-gac.com/arcgis/rest/services/OSSF/Permitted_OSSFs_by_Permit_Age/MapServer/0?f=json...
2026-01-21 09:55:26,538 - INFO -   [REQUEST] Discovered ArcGIS URL: https://gis.h-gac.com/arcgis/rest/services/OSSF/Permitted_OSSFs_by_Permit_Age/MapServer/1?f=json...
2026-01-21 09:55:26,538 - INFO -   [REQUEST] Discovered ArcGIS URL: https://gis.h-gac.com/arcgis/rest/services/OSSF/Permitted_OSSFs_by_Permit_Age/MapServer/2?f=json...
2026-01-21 09:55:26,539 - INFO -   [REQUEST] Discovered ArcGIS URL: https://gis.h-gac.com/arcgis/rest/services/OSSF/Permitted_OSSFs_by_Permit_Age/MapServer/3?f=json...
2026-01-21 09:55:26,539 - INFO -   [REQUEST] Discovered ArcGIS URL: https://gis.h-gac.com/arcgis/rest/services/OSSF/Permitted_OSSFs_by_Permit_Age/MapServer/4?f=json...
2026-01-21 09:55:26,540 - INFO -   [REQUEST] Discovered ArcGIS URL: https://gis.h-gac.com/arcgis/rest/services/OSSF/Permitted_OSSFs_by_Permit_Age/MapServer/5?f=json...
2026-01-21 09:55:26,542 - INFO -   [REQUEST] Discovered ArcGIS URL: https://gis.h-gac.com/arcgis/rest/services/Census_ACS/Census_ACS_5Yr_Counties/MapServer/0?f=json...
2026-01-21 09:55:26,547 - INFO -   [REQUEST] Discovered ArcGIS URL: https://gis.h-gac.com/arcgis/rest/services/OSSF/Permitted_OSSFs_Per_SqMi/MapServer/0?f=json...
2026-01-21 09:55:26,631 - INFO -   [REQUEST] Discovered ArcGIS URL: https://gis.h-gac.com/arcgis/rest/services/OSSF/Permitted_OSSFs_by_Agent/MapServer/0?f=json...
2026-01-21 09:55:26,632 - INFO -   [REQUEST] Discovered ArcGIS URL: https://gis.h-gac.com/arcgis/rest/services/OSSF/Permitted_OSSFs_by_Agent/MapServer/1?f=json...
2026-01-21 09:55:26,633 - INFO -   [REQUEST] Discovered ArcGIS URL: https://gis.h-gac.com/arcgis/rest/services/OSSF/Permitted_OSSFs_by_Agent/MapServer/2?f=json...
2026-01-21 09:55:26,634 - INFO -   [REQUEST] Discovered ArcGIS URL: https://gis.h-gac.com/arcgis/rest/services/OSSF/Permitted_OSSFs_by_Agent/MapServer/3?f=json...
2026-01-21 09:55:26,634 - INFO -   [REQUEST] Discovered ArcGIS URL: https://gis.h-gac.com/arcgis/rest/services/OSSF/Permitted_OSSFs_by_Agent/MapServer/4?f=json...
2026-01-21 09:55:26,635 - INFO -   [REQUEST] Discovered ArcGIS URL: https://gis.h-gac.com/arcgis/rest/services/OSSF/Permitted_OSSFs_by_Agent/MapServer/5?f=json...
2026-01-21 09:55:26,636 - INFO -   [REQUEST] Discovered ArcGIS URL: https://gis.h-gac.com/arcgis/rest/services/OSSF/Permitted_OSSFs_by_Agent/MapServer/6?f=json...
2026-01-21 09:55:26,636 - INFO -   [REQUEST] Discovered ArcGIS URL: https://gis.h-gac.com/arcgis/rest/services/OSSF/Permitted_OSSFs_by_Agent/MapServer/7?f=json...
2026-01-21 09:55:26,637 - INFO -   [REQUEST] Discovered ArcGIS URL: https://gis.h-gac.com/arcgis/rest/services/OSSF/Permitted_OSSFs_by_Agent/MapServer/8?f=json...
2026-01-21 09:55:26,637 - INFO -   [REQUEST] Discovered ArcGIS URL: https://gis.h-gac.com/arcgis/rest/services/OSSF/Permitted_OSSFs_by_Agent/MapServer/9?f=json...
2026-01-21 09:55:26,638 - INFO -   [REQUEST] Discovered ArcGIS URL: https://gis.h-gac.com/arcgis/rest/services/OSSF/Permitted_OSSFs_by_Agent/MapServer/10?f=json...
2026-01-21 09:55:26,638 - INFO -   [REQUEST] Discovered ArcGIS URL: https://gis.h-gac.com/arcgis/rest/services/OSSF/Permitted_OSSFs_by_Agent/MapServer/11?f=json...
2026-01-21 09:55:26,639 - INFO -   [REQUEST] Discovered ArcGIS URL: https://gis.h-gac.com/arcgis/rest/services/OSSF/Permitted_OSSFs_by_Agent/MapServer/12?f=json...
2026-01-21 09:55:26,639 - INFO -   [REQUEST] Discovered ArcGIS URL: https://gis.h-gac.com/arcgis/rest/services/OSSF/Permitted_OSSFs_by_Agent/MapServer/13?f=json...
2026-01-21 09:55:26,640 - INFO -   [REQUEST] Discovered ArcGIS URL: https://gis.h-gac.com/arcgis/rest/services/OSSF/Permitted_OSSFs_by_Agent/MapServer/14?f=json...
2026-01-21 09:55:26,640 - INFO -   [REQUEST] Discovered ArcGIS URL: https://gis.h-gac.com/arcgis/rest/services/OSSF/Permitted_OSSFs_by_Agent/MapServer/15?f=json...
2026-01-21 09:55:26,641 - INFO -   [REQUEST] Discovered ArcGIS URL: https://gis.h-gac.com/arcgis/rest/services/OSSF/Permitted_OSSFs_by_Agent/MapServer/16?f=json...
2026-01-21 09:55:26,641 - INFO -   [REQUEST] Discovered ArcGIS URL: https://gis.h-gac.com/arcgis/rest/services/OSSF/Permitted_OSSFs_by_Agent/MapServer/17?f=json...
2026-01-21 09:55:26,643 - INFO -   [REQUEST] Discovered ArcGIS URL: https://gis.h-gac.com/arcgis/rest/services/OSSF/OSSF_Residential_Analysis/MapServer/0?f=json...
2026-01-21 09:55:26,644 - INFO -   [REQUEST] Discovered ArcGIS URL: https://gis.h-gac.com/arcgis/rest/services/Census_ACS/Census_ACS_5Yr_Places/MapServer/0?f=json...
2026-01-21 09:55:26,652 - INFO -   [REQUEST] Discovered ArcGIS URL: https://gis.h-gac.com/arcgis/rest/services/OSSF/Permitted_OSSFs/MapServer/0?f=json...
2026-01-21 09:55:26,671 - INFO -   [REQUEST] Discovered ArcGIS URL: https://gis.h-gac.com/arcgis/rest/services/Hydrology/Water_Features/MapServer/0?f=json...
2026-01-21 09:55:26,672 - INFO -   [REQUEST] Discovered ArcGIS URL: https://gis.h-gac.com/arcgis/rest/services/Hydrology/Water_Features/MapServer/1?f=json...
2026-01-21 09:55:26,673 - INFO -   [REQUEST] Discovered ArcGIS URL: https://gis.h-gac.com/arcgis/rest/services/Hydrology/Water_Features/MapServer/2?f=json...
2026-01-21 09:55:38,469 - INFO - Page loaded successfully
2026-01-21 09:55:43,476 - INFO - Interacting with map to discover additional endpoints...
2026-01-21 09:56:21,806 - INFO - Screenshot saved: C:\Users\Will\crm-work\ReactCRM\scrapers\output\harris_county\hgac_ossf_discovery.png
2026-01-21 09:56:21,823 - INFO - Page HTML saved: C:\Users\Will\crm-work\ReactCRM\scrapers\output\harris_county\hgac_ossf_page.html
2026-01-21 09:56:25,276 - INFO - 
============================================================
2026-01-21 09:56:25,276 - INFO - DISCOVERY RESULTS
2026-01-21 09:56:25,276 - INFO - ============================================================
2026-01-21 09:56:25,276 - INFO - Total URLs discovered: 99
2026-01-21 09:56:25,276 - INFO - FeatureServer URLs: 0
2026-01-21 09:56:25,276 - INFO - MapServer URLs: 26
2026-01-21 09:56:25,276 - INFO - Query URLs captured: 0
2026-01-21 09:56:25,276 - INFO - 
MapServer Endpoints:
2026-01-21 09:56:25,276 - INFO -   - https://services.arcgisonline.com/ArcGIS/rest/services/World_Topo_Map/MapServer/tilemap/9/208/112/8
2026-01-21 09:56:25,277 - INFO -   - https://services.arcgisonline.com/ArcGIS/rest/services/World_Topo_Map/MapServer/tilemap/9/208/120/8
2026-01-21 09:56:25,277 - INFO -   - https://server.arcgisonline.com/ArcGIS/rest/services/World_Topo_Map/MapServer/tile/9/209
2026-01-21 09:56:25,277 - INFO -   - https://services.arcgisonline.com/ArcGIS/rest/services/World_Topo_Map/MapServer/tile/9/210
2026-01-21 09:56:25,277 - INFO -   - https://server.arcgisonline.com/ArcGIS/rest/services/World_Topo_Map/MapServer/tile/9/211
2026-01-21 09:56:25,277 - INFO -   - https://services.arcgisonline.com/ArcGIS/rest/services/World_Topo_Map/MapServer/tile/9/212
2026-01-21 09:56:25,277 - INFO -   - https://server.arcgisonline.com/ArcGIS/rest/services/World_Topo_Map/MapServer/tile/9/213
2026-01-21 09:56:25,277 - INFO -   - https://gis.h-gac.com/arcgis/rest/services/OSSF/Permitted_OSSFs_by_Agent/MapServer/layers
2026-01-21 09:56:25,277 - INFO -   - https://gis.h-gac.com/arcgis/rest/services/OSSF/Permitted_OSSFs_by_Permit_Age/MapServer/layers
2026-01-21 09:56:25,277 - INFO -   - https://gis.h-gac.com/arcgis/rest/services/OSSF/Permitted_OSSFs_Per_SqMi/MapServer/layers
2026-01-21 09:56:25,277 - INFO -   - https://gis.h-gac.com/arcgis/rest/services/OSSF/OSSF_Residential_Analysis/MapServer/layers
2026-01-21 09:56:25,277 - INFO -   - https://gis.h-gac.com/arcgis/rest/services/Census_ACS/Census_ACS_5Yr_Places/MapServer/layers
2026-01-21 09:56:25,277 - INFO -   - https://gis.h-gac.com/arcgis/rest/services/Census_ACS/Census_ACS_5Yr_Counties/MapServer/layers
2026-01-21 09:56:25,278 - INFO -   - https://gis.h-gac.com/arcgis/rest/services/Hydrology/Water_Features/MapServer/layers
2026-01-21 09:56:25,278 - INFO -   - https://gis.h-gac.com/arcgis/rest/services/OSSF/Permitted_OSSFs/MapServer/layers
2026-01-21 09:56:25,278 - INFO -   - https://gis.h-gac.com/arcgis/rest/services/Hydrology/Water_Features/MapServer/export
2026-01-21 09:56:25,278 - INFO -   - https://gis.h-gac.com/arcgis/rest/services/Census_ACS/Census_ACS_5Yr_Counties/MapServer/export
2026-01-21 09:56:25,278 - INFO -   - https://gis.h-gac.com/arcgis/rest/services/OSSF/Permitted_OSSFs_Per_SqMi/MapServer/export
2026-01-21 09:56:25,278 - INFO -   - https://gis.h-gac.com/arcgis/rest/services/OSSF/Permitted_OSSFs_by_Permit_Age/MapServer
2026-01-21 09:56:25,278 - INFO -   - https://gis.h-gac.com/arcgis/rest/services/Census_ACS/Census_ACS_5Yr_Counties/MapServer
2026-01-21 09:56:25,278 - INFO -   - https://gis.h-gac.com/arcgis/rest/services/OSSF/Permitted_OSSFs_Per_SqMi/MapServer
2026-01-21 09:56:25,278 - INFO -   - https://gis.h-gac.com/arcgis/rest/services/OSSF/Permitted_OSSFs_by_Agent/MapServer
2026-01-21 09:56:25,278 - INFO -   - https://gis.h-gac.com/arcgis/rest/services/OSSF/OSSF_Residential_Analysis/MapServer
2026-01-21 09:56:25,278 - INFO -   - https://gis.h-gac.com/arcgis/rest/services/Census_ACS/Census_ACS_5Yr_Places/MapServer
2026-01-21 09:56:25,279 - INFO -   - https://gis.h-gac.com/arcgis/rest/services/OSSF/Permitted_OSSFs/MapServer
2026-01-21 09:56:25,279 - INFO -   - https://gis.h-gac.com/arcgis/rest/services/Hydrology/Water_Features/MapServer
2026-01-21 09:56:25,279 - INFO - Probing common H-GAC ArcGIS endpoints...
2026-01-21 09:56:25,751 - INFO - Found catalog at https://gis.h-gac.com/arcgis/rest/services
2026-01-21 09:56:25,751 - INFO -   Services: 2, Folders: 52
2026-01-21 09:56:25,936 - INFO -   Found potential OSSF service in Bacteria_Implementation_Group: Bacteria_Implementation_Group/Floodplain_500yr_OSSF
2026-01-21 09:56:27,876 - INFO -   Found potential OSSF service in OSSF: OSSF/OSSF_Residential_Analysis
2026-01-21 09:56:27,877 - INFO -   Found potential OSSF service in OSSF: OSSF/Permitted_OSSFs_by_Agent
2026-01-21 09:56:27,877 - INFO -   Found potential OSSF service in OSSF: OSSF/Permitted_OSSFs_by_Permit_Age
2026-01-21 09:56:27,877 - INFO -   Found potential OSSF service in OSSF: OSSF/Permitted_OSSFs_Per_SqMi
2026-01-21 09:56:27,877 - INFO -   Found potential OSSF service in OSSF: OSSF/Permitted_OSSFs
2026-01-21 09:56:29,241 - INFO -   Found potential OSSF service in Water_Quality: Water_Quality/Wastewater_Outfalls
2026-01-21 09:56:29,650 - INFO - Found catalog at https://services.arcgis.com/gl6pnCO7DYTywmpe/arcgis/rest/services
2026-01-21 09:56:29,650 - INFO -   Services: 0, Folders: 0
2026-01-21 09:56:29,875 - INFO - Found catalog at https://services1.arcgis.com/gl6pnCO7DYTywmpe/arcgis/rest/services
2026-01-21 09:56:29,875 - INFO -   Services: 0, Folders: 0
2026-01-21 09:56:30,190 - INFO - Found catalog at https://services2.arcgis.com/gl6pnCO7DYTywmpe/arcgis/rest/services
2026-01-21 09:56:30,191 - INFO -   Services: 0, Folders: 0
2026-01-21 09:56:30,196 - INFO - 
Discovered endpoints saved: C:\Users\Will\crm-work\ReactCRM\scrapers\output\harris_county\discovered_endpoints.json
2026-01-21 09:56:30,196 - INFO - 
Discovery-only mode, exiting
