2026-01-19 13:28:26,813 - INFO - ============================================================
2026-01-19 13:28:26,813 - INFO - MGO TEXAS SCRAPER - STARTING
2026-01-19 13:28:26,814 - INFO - ============================================================
2026-01-19 13:28:36,550 - INFO - ==================================================
2026-01-19 13:28:36,550 - INFO - STARTING LOGIN PROCESS
2026-01-19 13:28:36,550 - INFO - ==================================================
2026-01-19 13:28:36,550 - INFO - Navigating to https://www.mgoconnect.org/cp/login
2026-01-19 13:28:59,493 - INFO - Page state - Title: MGO Connect, URL: https://www.mgoconnect.org/cp/login
2026-01-19 13:28:59,935 - INFO - Saved login page screenshot
2026-01-19 13:28:59,935 - INFO - Looking for email field...
2026-01-19 13:29:04,967 - INFO - Found email field: input[type="email"]
2026-01-19 13:29:04,967 - INFO - Typing email slowly...
2026-01-19 13:29:25,210 - INFO - Looking for password field...
2026-01-19 13:29:25,221 - INFO - Typing password slowly...
2026-01-19 13:29:43,190 - INFO - Looking for submit button...
2026-01-19 13:29:43,205 - INFO - Clicking submit button...
2026-01-19 13:29:45,250 - INFO - Waiting 45s for login to complete...
2026-01-19 13:30:30,266 - INFO - Page state - Title: MGO Connect, URL: https://www.mgoconnect.org/cp/home
2026-01-19 13:30:30,444 - INFO - LOGIN SUCCESSFUL!
2026-01-19 13:30:30,444 - INFO - ==================================================
2026-01-19 13:30:30,444 - INFO - EXTRACTING TEXAS JURISDICTIONS
2026-01-19 13:30:30,444 - INFO - ==================================================
2026-01-19 13:30:30,448 - INFO - Page state - Title: MGO Connect, URL: https://www.mgoconnect.org/cp/home
2026-01-19 13:30:30,448 - INFO - Waiting for Angular components to load...
2026-01-19 13:31:00,470 - INFO - Found "Select a State" text - page loaded
2026-01-19 13:31:10,633 - INFO - Found 0 mat-select elements
2026-01-19 13:31:10,641 - INFO - Found 2 combobox elements
2026-01-19 13:31:10,641 - INFO - Getting state options...
2026-01-19 13:31:10,641 - INFO - Opening mat-select to get options...
2026-01-19 13:31:37,707 - WARNING - No mat-options appeared
2026-01-19 13:31:37,707 - INFO - Found 0 states
2026-01-19 13:31:47,717 - INFO - Selecting Texas...
2026-01-19 13:31:47,721 - ERROR - Error: list index out of range
